<?xml version="1.0" encoding="UTF-8"?>
<!-- Generated by org.testng.reporters.JUnitReportReporter -->
<testsuite skipped="0" hostname="DESKTOP-LU9MCAK" name="onlineShopping.OrderSavedAsPDF" tests="1" failures="0" timestamp="01 Jul 2018 04:18:44 GMT" time="31.290" errors="0">
  <testcase name="orderAsPDF" time="31.290" classname="onlineShopping.OrderSavedAsPDF"/>
</testsuite> <!-- onlineShopping.OrderSavedAsPDF -->
