<?xml version="1.0" encoding="UTF-8"?>
<!-- Generated by org.testng.reporters.JUnitReportReporter -->
<testsuite skipped="1" hostname="DESKTOP-LU9MCAK" name="onlineShopping.ReOrderProduct" tests="2" failures="0" timestamp="01 Jul 2018 04:18:44 GMT" time="16.733" errors="0">
  <testcase name="verifyDiscount" time="16.733" classname="onlineShopping.ReOrderProduct"/>
  <testcase name="reOrderProduct" classname="onlineShopping.ReOrderProduct">
    <skipped/>
  </testcase> <!-- reOrderProduct -->
</testsuite> <!-- onlineShopping.ReOrderProduct -->
