<?xml version="1.0" encoding="UTF-8"?>
<!-- Generated by org.testng.reporters.JUnitReportReporter -->
<testsuite skipped="2" hostname="DESKTOP-LU9MCAK" name="onlineShopping.MobTitVerAndSort" tests="5" failures="0" timestamp="01 Jul 2018 04:18:44 GMT" time="46.414" errors="0">
  <testcase name="creatAccShareWishList" time="39.116" classname="onlineShopping.MobTitVerAndSort"/>
  <testcase name="mobileSort" time="2.509" classname="onlineShopping.MobTitVerAndSort"/>
  <testcase name="mobCompare" time="4.789" classname="onlineShopping.MobTitVerAndSort"/>
  <testcase name="mobAddToCart" classname="onlineShopping.MobTitVerAndSort">
    <skipped/>
  </testcase> <!-- mobAddToCart -->
  <testcase name="mobCostVer" classname="onlineShopping.MobTitVerAndSort">
    <skipped/>
  </testcase> <!-- mobCostVer -->
</testsuite> <!-- onlineShopping.MobTitVerAndSort -->
